[debug] [2023-11-27T17:15:20.415Z] ----------------------------------------------------------------------
[debug] [2023-11-27T17:15:20.420Z] Command:       C:\Program Files\nodejs\node.exe C:\Users\KARTHIK\AppData\Roaming\npm\node_modules\firebase-tools\lib\bin\firebase.js init
[debug] [2023-11-27T17:15:20.420Z] CLI Version:   12.9.1
[debug] [2023-11-27T17:15:20.421Z] Platform:      win32
[debug] [2023-11-27T17:15:20.421Z] Node Version:  v20.10.0
[debug] [2023-11-27T17:15:20.422Z] Time:          Mon Nov 27 2023 22:45:20 GMT+0530 (India Standard Time)
[debug] [2023-11-27T17:15:20.422Z] ----------------------------------------------------------------------
[debug] 
[debug] [2023-11-27T17:15:20.434Z] > command requires scopes: ["email","openid","https://www.googleapis.com/auth/cloudplatformprojects.readonly","https://www.googleapis.com/auth/firebase","https://www.googleapis.com/auth/cloud-platform"]
[debug] [2023-11-27T17:15:20.435Z] > authorizing via signed-in user (mechkarthi2k1@gmail.com)
[info] 
     ######## #### ########  ######## ########     ###     ######  ########
     ##        ##  ##     ## ##       ##     ##  ##   ##  ##       ##
     ######    ##  ########  ######   ########  #########  ######  ######
     ##        ##  ##    ##  ##       ##     ## ##     ##       ## ##
     ##       #### ##     ## ######## ########  ##     ##  ######  ########

You're about to initialize a Firebase project in this directory:

  E:\frontend\EdgeLedger Web Page

[info] 
=== Project Setup
[info] 
[info] First, let's associate this project directory with a Firebase project.
[info] You can create multiple project aliases by running firebase use --add, 
[info] but for now we'll just set up a default project.
[info] 
[info] i  If you want to create a project in a Google Cloud organization or folder, please use "firebase projects:create" instead, and return to this command when you've created the project. 
[debug] [2023-11-27T17:17:24.662Z] >>> [apiv2][query] POST https://cloudresourcemanager.googleapis.com/v1/projects [none]
[debug] [2023-11-27T17:17:24.663Z] >>> [apiv2][body] POST https://cloudresourcemanager.googleapis.com/v1/projects {"projectId":"web site ","name":" "}
[debug] [2023-11-27T17:17:26.099Z] <<< [apiv2][status] POST https://cloudresourcemanager.googleapis.com/v1/projects 400
[debug] [2023-11-27T17:17:26.099Z] <<< [apiv2][body] POST https://cloudresourcemanager.googleapis.com/v1/projects {"error":{"code":400,"message":"Request contains an invalid argument.","status":"INVALID_ARGUMENT","details":[{"@type":"type.googleapis.com/google.rpc.BadRequest","fieldViolations":[{"field":"project_id","description":"project_id contains invalid characters"},{"field":"display_name","description":"project display name must be at least 4 characters"}]},{"@type":"type.googleapis.com/google.rpc.Help","links":[{"url":"https://cloud.google.com/resource-manager/reference/rest/v1/projects"}]}]}}
[debug] [2023-11-27T17:17:26.475Z] FirebaseError: HTTP Error: 400, Request contains an invalid argument.
    at responseToError (C:\Users\KARTHIK\AppData\Roaming\npm\node_modules\firebase-tools\lib\responseToError.js:49:12)
    at RetryOperation._fn (C:\Users\KARTHIK\AppData\Roaming\npm\node_modules\firebase-tools\lib\apiv2.js:285:77)
    at process.processTicksAndRejections (node:internal/process/task_queues:95:5)
[error] 
[error] Error: Failed to create project. See firebase-debug.log for more info.
[debug] [2023-11-27T17:17:46.056Z] ----------------------------------------------------------------------
[debug] [2023-11-27T17:17:46.061Z] Command:       C:\Program Files\nodejs\node.exe C:\Users\KARTHIK\AppData\Roaming\npm\node_modules\firebase-tools\lib\bin\firebase.js init
[debug] [2023-11-27T17:17:46.061Z] CLI Version:   12.9.1
[debug] [2023-11-27T17:17:46.062Z] Platform:      win32
[debug] [2023-11-27T17:17:46.062Z] Node Version:  v20.10.0
[debug] [2023-11-27T17:17:46.062Z] Time:          Mon Nov 27 2023 22:47:46 GMT+0530 (India Standard Time)
[debug] [2023-11-27T17:17:46.062Z] ----------------------------------------------------------------------
[debug] 
[debug] [2023-11-27T17:17:46.072Z] > command requires scopes: ["email","openid","https://www.googleapis.com/auth/cloudplatformprojects.readonly","https://www.googleapis.com/auth/firebase","https://www.googleapis.com/auth/cloud-platform"]
[debug] [2023-11-27T17:17:46.072Z] > authorizing via signed-in user (mechkarthi2k1@gmail.com)
[info] 
     ######## #### ########  ######## ########     ###     ######  ########
     ##        ##  ##     ## ##       ##     ##  ##   ##  ##       ##
     ######    ##  ########  ######   ########  #########  ######  ######
     ##        ##  ##    ##  ##       ##     ## ##     ##       ## ##
     ##       #### ##     ## ######## ########  ##     ##  ######  ########

You're about to initialize a Firebase project in this directory:

  E:\frontend\EdgeLedger Web Page

